[2018-04-17T00:19:44,678][INFO ][o.e.n.Node               ] [] initializing ...
[2018-04-17T00:19:45,004][INFO ][o.e.e.NodeEnvironment    ] [ht0EVsn] using [1] data paths, mounts [[/ (none)]], net usable_space [6.1gb], net total_space [10.6gb], spins? [possibly], types [aufs]
[2018-04-17T00:19:45,005][INFO ][o.e.e.NodeEnvironment    ] [ht0EVsn] heap size [1.9gb], compressed ordinary object pointers [true]
[2018-04-17T00:19:45,126][INFO ][o.e.n.Node               ] [ht0EVsn] node name [ht0EVsn] derived from node ID; set [node.name] to override
[2018-04-17T00:19:45,133][INFO ][o.e.n.Node               ] [ht0EVsn] version[5.0.0], pid[15253], build[253032b/2016-10-26T04:37:51.531Z], OS[Linux/4.9.80-c9/amd64], JVM[Oracle Corporation/Java HotSpot(TM) 64-Bit Server VM/1.8.0_111/25.111-b14]
[2018-04-17T00:20:07,268][INFO ][o.e.p.PluginsService     ] [ht0EVsn] loaded module [aggs-matrix-stats]
[2018-04-17T00:20:07,274][INFO ][o.e.p.PluginsService     ] [ht0EVsn] loaded module [ingest-common]
[2018-04-17T00:20:07,274][INFO ][o.e.p.PluginsService     ] [ht0EVsn] loaded module [lang-expression]
[2018-04-17T00:20:07,275][INFO ][o.e.p.PluginsService     ] [ht0EVsn] loaded module [lang-groovy]
[2018-04-17T00:20:07,276][INFO ][o.e.p.PluginsService     ] [ht0EVsn] loaded module [lang-mustache]
[2018-04-17T00:20:07,276][INFO ][o.e.p.PluginsService     ] [ht0EVsn] loaded module [lang-painless]
[2018-04-17T00:20:07,277][INFO ][o.e.p.PluginsService     ] [ht0EVsn] loaded module [percolator]
[2018-04-17T00:20:07,278][INFO ][o.e.p.PluginsService     ] [ht0EVsn] loaded module [reindex]
[2018-04-17T00:20:07,281][INFO ][o.e.p.PluginsService     ] [ht0EVsn] loaded module [transport-netty3]
[2018-04-17T00:20:07,281][INFO ][o.e.p.PluginsService     ] [ht0EVsn] loaded module [transport-netty4]
[2018-04-17T00:20:07,288][INFO ][o.e.p.PluginsService     ] [ht0EVsn] no plugins loaded
[2018-04-17T00:20:21,831][INFO ][o.e.n.Node               ] [ht0EVsn] initialized
[2018-04-17T00:20:21,832][INFO ][o.e.n.Node               ] [ht0EVsn] starting ...
[2018-04-17T00:20:22,694][INFO ][o.e.t.TransportService   ] [ht0EVsn] publish_address {127.0.0.1:9300}, bound_addresses {[::1]:9300}, {127.0.0.1:9300}
[2018-04-17T00:20:22,844][WARN ][o.e.b.BootstrapCheck     ] [ht0EVsn] max virtual memory areas vm.max_map_count [65530] likely too low, increase to at least [262144]
[2018-04-17T00:20:26,088][INFO ][o.e.c.s.ClusterService   ] [ht0EVsn] new_master {ht0EVsn}{ht0EVsnlRuyePr1G07P69g}{w-LjhbxTQI-mNMJi9RY3nQ}{127.0.0.1}{127.0.0.1:9300}, reason: zen-disco-elected-as-master ([0] nodes joined)
[2018-04-17T00:20:26,261][INFO ][o.e.h.HttpServer         ] [ht0EVsn] publish_address {127.0.0.1:9200}, bound_addresses {[::1]:9200}, {127.0.0.1:9200}
[2018-04-17T00:20:26,262][INFO ][o.e.n.Node               ] [ht0EVsn] started
[2018-04-17T00:20:27,955][INFO ][o.e.g.GatewayService     ] [ht0EVsn] recovered [5] indices into cluster_state
[2018-04-17T00:20:31,651][INFO ][o.e.c.r.a.AllocationService] [ht0EVsn] Cluster health status changed from [RED] to [YELLOW] (reason: [shards started [[vehicles][1]] ...]).
[2018-04-17T00:21:35,209][WARN ][o.e.m.j.JvmGcMonitorService] [ht0EVsn] [gc][young][59][2] duration [3.9s], collections [1]/[4s], total [3.9s]/[4s], memory [562.4mb]->[241mb]/[1.9gb], all_pools {[young] [514.2mb]->[21.5mb]/[532.5mb]}{[survivor] [48.1mb]->[66.5mb]/[66.5mb]}{[old] [0b]->[152.9mb]/[1.3gb]}
[2018-04-17T00:21:35,214][WARN ][o.e.m.j.JvmGcMonitorService] [ht0EVsn] [gc][59] overhead, spent [3.9s] collecting in the last [4s]
[2018-04-17T01:03:20,049][INFO ][o.e.m.j.JvmGcMonitorService] [ht0EVsn] [gc][2510] overhead, spent [271ms] collecting in the last [1s]
[2018-04-17T01:16:10,882][WARN ][o.e.m.j.JvmGcMonitorService] [ht0EVsn] [gc][young][3272][3] duration [8.7s], collections [1]/[9.5s], total [8.7s]/[12.8s], memory [745.3mb]->[299.1mb]/[1.9gb], all_pools {[young] [531.2mb]->[3.6mb]/[532.5mb]}{[survivor] [66.5mb]->[59mb]/[66.5mb]}{[old] [147.6mb]->[238.8mb]/[1.3gb]}
[2018-04-17T01:16:10,885][WARN ][o.e.m.j.JvmGcMonitorService] [ht0EVsn] [gc][3272] overhead, spent [8.7s] collecting in the last [9.5s]
[2018-04-17T02:56:59,851][WARN ][o.e.m.j.JvmGcMonitorService] [ht0EVsn] [gc][young][9312][4] duration [5.1s], collections [1]/[6.1s], total [5.1s]/[17.9s], memory [829.9mb]->[297.4mb]/[1.9gb], all_pools {[young] [532.1mb]->[5.3mb]/[532.5mb]}{[survivor] [59mb]->[3.6mb]/[66.5mb]}{[old] [238.8mb]->[290mb]/[1.3gb]}
[2018-04-17T02:56:59,853][WARN ][o.e.m.j.JvmGcMonitorService] [ht0EVsn] [gc][9312] overhead, spent [5.1s] collecting in the last [6.1s]
[2018-04-17T19:13:47,580][INFO ][o.e.n.Node               ] [] initializing ...
[2018-04-17T19:13:47,885][INFO ][o.e.e.NodeEnvironment    ] [ht0EVsn] using [1] data paths, mounts [[/ (none)]], net usable_space [6.1gb], net total_space [10.6gb], spins? [possibly], types [aufs]
[2018-04-17T19:13:47,886][INFO ][o.e.e.NodeEnvironment    ] [ht0EVsn] heap size [1.9gb], compressed ordinary object pointers [true]
[2018-04-17T19:13:47,998][INFO ][o.e.n.Node               ] [ht0EVsn] node name [ht0EVsn] derived from node ID; set [node.name] to override
[2018-04-17T19:13:48,005][INFO ][o.e.n.Node               ] [ht0EVsn] version[5.0.0], pid[21069], build[253032b/2016-10-26T04:37:51.531Z], OS[Linux/4.9.80-c9/amd64], JVM[Oracle Corporation/Java HotSpot(TM) 64-Bit Server VM/1.8.0_111/25.111-b14]
[2018-04-17T19:13:52,272][INFO ][o.e.p.PluginsService     ] [ht0EVsn] loaded module [aggs-matrix-stats]
[2018-04-17T19:13:52,272][INFO ][o.e.p.PluginsService     ] [ht0EVsn] loaded module [ingest-common]
[2018-04-17T19:13:52,272][INFO ][o.e.p.PluginsService     ] [ht0EVsn] loaded module [lang-expression]
[2018-04-17T19:13:52,273][INFO ][o.e.p.PluginsService     ] [ht0EVsn] loaded module [lang-groovy]
[2018-04-17T19:13:52,273][INFO ][o.e.p.PluginsService     ] [ht0EVsn] loaded module [lang-mustache]
[2018-04-17T19:13:52,273][INFO ][o.e.p.PluginsService     ] [ht0EVsn] loaded module [lang-painless]
[2018-04-17T19:13:52,273][INFO ][o.e.p.PluginsService     ] [ht0EVsn] loaded module [percolator]
[2018-04-17T19:13:52,273][INFO ][o.e.p.PluginsService     ] [ht0EVsn] loaded module [reindex]
[2018-04-17T19:13:52,273][INFO ][o.e.p.PluginsService     ] [ht0EVsn] loaded module [transport-netty3]
[2018-04-17T19:13:52,274][INFO ][o.e.p.PluginsService     ] [ht0EVsn] loaded module [transport-netty4]
[2018-04-17T19:13:52,274][INFO ][o.e.p.PluginsService     ] [ht0EVsn] no plugins loaded
[2018-04-17T19:13:57,703][INFO ][o.e.n.Node               ] [ht0EVsn] initialized
[2018-04-17T19:13:57,703][INFO ][o.e.n.Node               ] [ht0EVsn] starting ...
[2018-04-17T19:13:58,111][INFO ][o.e.t.TransportService   ] [ht0EVsn] publish_address {127.0.0.1:9300}, bound_addresses {[::1]:9300}, {127.0.0.1:9300}
[2018-04-17T19:13:58,260][WARN ][o.e.b.BootstrapCheck     ] [ht0EVsn] max virtual memory areas vm.max_map_count [65530] likely too low, increase to at least [262144]
[2018-04-17T19:14:01,500][INFO ][o.e.c.s.ClusterService   ] [ht0EVsn] new_master {ht0EVsn}{ht0EVsnlRuyePr1G07P69g}{IEW2H8yuQACKONiHkJKeZA}{127.0.0.1}{127.0.0.1:9300}, reason: zen-disco-elected-as-master ([0] nodes joined)
[2018-04-17T19:14:01,742][INFO ][o.e.h.HttpServer         ] [ht0EVsn] publish_address {127.0.0.1:9200}, bound_addresses {[::1]:9200}, {127.0.0.1:9200}
[2018-04-17T19:14:01,742][INFO ][o.e.n.Node               ] [ht0EVsn] started
[2018-04-17T19:14:03,468][INFO ][o.e.g.GatewayService     ] [ht0EVsn] recovered [5] indices into cluster_state
[2018-04-17T19:14:07,113][INFO ][o.e.c.r.a.AllocationService] [ht0EVsn] Cluster health status changed from [RED] to [YELLOW] (reason: [shards started [[vehicles][1]] ...]).
[2018-04-17T19:19:06,839][WARN ][o.e.m.j.JvmGcMonitorService] [ht0EVsn] [gc][young][97][2] duration [3.7s], collections [1]/[4.1s], total [3.7s]/[3.8s], memory [573.9mb]->[222.5mb]/[1.9gb], all_pools {[young] [525.8mb]->[26.2mb]/[532.5mb]}{[survivor] [48.1mb]->[66.5mb]/[66.5mb]}{[old] [0b]->[136.5mb]/[1.3gb]}
[2018-04-17T19:19:06,840][WARN ][o.e.m.j.JvmGcMonitorService] [ht0EVsn] [gc][97] overhead, spent [3.7s] collecting in the last [4.1s]
[2018-04-17T20:17:43,492][WARN ][o.e.m.j.JvmGcMonitorService] [ht0EVsn] [gc][young][3604][3] duration [9.1s], collections [1]/[9.3s], total [9.1s]/[13s], memory [735.6mb]->[311.2mb]/[1.9gb], all_pools {[young] [532.5mb]->[7.1mb]/[532.5mb]}{[survivor] [66.5mb]->[60.3mb]/[66.5mb]}{[old] [136.5mb]->[244.5mb]/[1.3gb]}
[2018-04-17T20:17:43,496][WARN ][o.e.m.j.JvmGcMonitorService] [ht0EVsn] [gc][3604] overhead, spent [9.1s] collecting in the last [9.3s]
[2018-04-17T21:57:41,863][WARN ][o.e.m.j.JvmGcMonitorService] [ht0EVsn] [gc][young][9584][4] duration [16.8s], collections [1]/[17.4s], total [16.8s]/[29.8s], memory [837.3mb]->[303.6mb]/[1.9gb], all_pools {[young] [532.5mb]->[5.6mb]/[532.5mb]}{[survivor] [60.3mb]->[3.9mb]/[66.5mb]}{[old] [244.5mb]->[295.7mb]/[1.3gb]}
[2018-04-17T21:57:41,863][WARN ][o.e.m.j.JvmGcMonitorService] [ht0EVsn] [gc][9584] overhead, spent [16.8s] collecting in the last [17.4s]
