[2018-06-12T00:04:06,619][INFO ][o.e.n.Node               ] [] initializing ...
[2018-06-12T00:04:06,772][INFO ][o.e.e.NodeEnvironment    ] [ht0EVsn] using [1] data paths, mounts [[/ (none)]], net usable_space [5.6gb], net total_space [10.6gb], spins? [possibly], types [aufs]
[2018-06-12T00:04:06,773][INFO ][o.e.e.NodeEnvironment    ] [ht0EVsn] heap size [1.9gb], compressed ordinary object pointers [true]
[2018-06-12T00:04:06,892][INFO ][o.e.n.Node               ] [ht0EVsn] node name [ht0EVsn] derived from node ID; set [node.name] to override
[2018-06-12T00:04:06,896][INFO ][o.e.n.Node               ] [ht0EVsn] version[5.0.0], pid[194571], build[253032b/2016-10-26T04:37:51.531Z], OS[Linux/4.9.80-c9/amd64], JVM[Oracle Corporation/Java HotSpot(TM) 64-Bit Server VM/1.8.0_111/25.111-b14]
[2018-06-12T00:04:09,399][INFO ][o.e.p.PluginsService     ] [ht0EVsn] loaded module [aggs-matrix-stats]
[2018-06-12T00:04:09,399][INFO ][o.e.p.PluginsService     ] [ht0EVsn] loaded module [ingest-common]
[2018-06-12T00:04:09,399][INFO ][o.e.p.PluginsService     ] [ht0EVsn] loaded module [lang-expression]
[2018-06-12T00:04:09,399][INFO ][o.e.p.PluginsService     ] [ht0EVsn] loaded module [lang-groovy]
[2018-06-12T00:04:09,400][INFO ][o.e.p.PluginsService     ] [ht0EVsn] loaded module [lang-mustache]
[2018-06-12T00:04:09,400][INFO ][o.e.p.PluginsService     ] [ht0EVsn] loaded module [lang-painless]
[2018-06-12T00:04:09,400][INFO ][o.e.p.PluginsService     ] [ht0EVsn] loaded module [percolator]
[2018-06-12T00:04:09,400][INFO ][o.e.p.PluginsService     ] [ht0EVsn] loaded module [reindex]
[2018-06-12T00:04:09,400][INFO ][o.e.p.PluginsService     ] [ht0EVsn] loaded module [transport-netty3]
[2018-06-12T00:04:09,401][INFO ][o.e.p.PluginsService     ] [ht0EVsn] loaded module [transport-netty4]
[2018-06-12T00:04:09,401][INFO ][o.e.p.PluginsService     ] [ht0EVsn] no plugins loaded
[2018-06-12T00:04:14,438][INFO ][o.e.n.Node               ] [ht0EVsn] initialized
[2018-06-12T00:04:14,438][INFO ][o.e.n.Node               ] [ht0EVsn] starting ...
[2018-06-12T00:04:15,166][INFO ][o.e.t.TransportService   ] [ht0EVsn] publish_address {127.0.0.1:9300}, bound_addresses {[::1]:9300}, {127.0.0.1:9300}
[2018-06-12T00:04:15,188][WARN ][o.e.b.BootstrapCheck     ] [ht0EVsn] max virtual memory areas vm.max_map_count [65530] likely too low, increase to at least [262144]
[2018-06-12T00:04:18,598][INFO ][o.e.c.s.ClusterService   ] [ht0EVsn] new_master {ht0EVsn}{ht0EVsnlRuyePr1G07P69g}{kb_9cukeTc-axGz91q6dfw}{127.0.0.1}{127.0.0.1:9300}, reason: zen-disco-elected-as-master ([0] nodes joined)
[2018-06-12T00:04:18,629][INFO ][o.e.h.HttpServer         ] [ht0EVsn] publish_address {127.0.0.1:9200}, bound_addresses {[::1]:9200}, {127.0.0.1:9200}
[2018-06-12T00:04:18,629][INFO ][o.e.n.Node               ] [ht0EVsn] started
[2018-06-12T00:04:19,817][INFO ][o.e.g.GatewayService     ] [ht0EVsn] recovered [5] indices into cluster_state
[2018-06-12T00:04:22,813][INFO ][o.e.c.r.a.AllocationService] [ht0EVsn] Cluster health status changed from [RED] to [YELLOW] (reason: [shards started [[vehicles][1]] ...]).
[2018-06-12T00:10:26,818][WARN ][o.e.m.j.JvmGcMonitorService] [ht0EVsn] [gc][young][341][2] duration [1.4s], collections [1]/[2.3s], total [1.4s]/[1.5s], memory [545.6mb]->[170.1mb]/[1.9gb], all_pools {[young] [497.4mb]->[19.4mb]/[532.5mb]}{[survivor] [48.1mb]->[66.5mb]/[66.5mb]}{[old] [0b]->[87.6mb]/[1.3gb]}
[2018-06-12T00:10:26,821][WARN ][o.e.m.j.JvmGcMonitorService] [ht0EVsn] [gc][341] overhead, spent [1.4s] collecting in the last [2.3s]
[2018-06-12T00:35:16,420][WARN ][o.e.m.j.JvmGcMonitorService] [ht0EVsn] [gc][young][1779][3] duration [4.9s], collections [1]/[5.8s], total [4.9s]/[6.4s], memory [686.7mb]->[302.7mb]/[1.9gb], all_pools {[young] [532.5mb]->[5.6mb]/[532.5mb]}{[survivor] [66.5mb]->[59.9mb]/[66.5mb]}{[old] [87.6mb]->[242.7mb]/[1.3gb]}
[2018-06-12T00:35:16,421][WARN ][o.e.m.j.JvmGcMonitorService] [ht0EVsn] [gc][1779] overhead, spent [4.9s] collecting in the last [5.8s]
[2018-06-12T02:14:32,234][WARN ][o.e.m.j.JvmGcMonitorService] [ht0EVsn] [gc][young][7730][4] duration [3.5s], collections [1]/[3.9s], total [3.5s]/[9.9s], memory [835.2mb]->[304mb]/[1.9gb], all_pools {[young] [532.5mb]->[7mb]/[532.5mb]}{[survivor] [59.9mb]->[5.1mb]/[66.5mb]}{[old] [242.7mb]->[294.2mb]/[1.3gb]}
[2018-06-12T02:14:32,235][WARN ][o.e.m.j.JvmGcMonitorService] [ht0EVsn] [gc][7730] overhead, spent [3.5s] collecting in the last [3.9s]
[2018-06-12T04:04:38,360][INFO ][o.e.n.Node               ] [ht0EVsn] stopping ...
[2018-06-12T04:04:38,448][INFO ][o.e.n.Node               ] [ht0EVsn] stopped
[2018-06-12T04:04:38,448][INFO ][o.e.n.Node               ] [ht0EVsn] closing ...
[2018-06-12T04:04:38,466][INFO ][o.e.n.Node               ] [ht0EVsn] closed
[2018-06-12T13:10:06,239][INFO ][o.e.n.Node               ] [] initializing ...
[2018-06-12T13:10:06,384][INFO ][o.e.e.NodeEnvironment    ] [ht0EVsn] using [1] data paths, mounts [[/ (none)]], net usable_space [5.6gb], net total_space [10.6gb], spins? [possibly], types [aufs]
[2018-06-12T13:10:06,384][INFO ][o.e.e.NodeEnvironment    ] [ht0EVsn] heap size [1.9gb], compressed ordinary object pointers [true]
[2018-06-12T13:10:06,476][INFO ][o.e.n.Node               ] [ht0EVsn] node name [ht0EVsn] derived from node ID; set [node.name] to override
[2018-06-12T13:10:06,480][INFO ][o.e.n.Node               ] [ht0EVsn] version[5.0.0], pid[206861], build[253032b/2016-10-26T04:37:51.531Z], OS[Linux/4.9.80-c9/amd64], JVM[Oracle Corporation/Java HotSpot(TM) 64-Bit Server VM/1.8.0_111/25.111-b14]
[2018-06-12T13:10:09,209][INFO ][o.e.p.PluginsService     ] [ht0EVsn] loaded module [aggs-matrix-stats]
[2018-06-12T13:10:09,209][INFO ][o.e.p.PluginsService     ] [ht0EVsn] loaded module [ingest-common]
[2018-06-12T13:10:09,209][INFO ][o.e.p.PluginsService     ] [ht0EVsn] loaded module [lang-expression]
[2018-06-12T13:10:09,209][INFO ][o.e.p.PluginsService     ] [ht0EVsn] loaded module [lang-groovy]
[2018-06-12T13:10:09,210][INFO ][o.e.p.PluginsService     ] [ht0EVsn] loaded module [lang-mustache]
[2018-06-12T13:10:09,210][INFO ][o.e.p.PluginsService     ] [ht0EVsn] loaded module [lang-painless]
[2018-06-12T13:10:09,210][INFO ][o.e.p.PluginsService     ] [ht0EVsn] loaded module [percolator]
[2018-06-12T13:10:09,210][INFO ][o.e.p.PluginsService     ] [ht0EVsn] loaded module [reindex]
[2018-06-12T13:10:09,210][INFO ][o.e.p.PluginsService     ] [ht0EVsn] loaded module [transport-netty3]
[2018-06-12T13:10:09,211][INFO ][o.e.p.PluginsService     ] [ht0EVsn] loaded module [transport-netty4]
[2018-06-12T13:10:09,212][INFO ][o.e.p.PluginsService     ] [ht0EVsn] no plugins loaded
[2018-06-12T13:10:14,435][INFO ][o.e.n.Node               ] [ht0EVsn] initialized
[2018-06-12T13:10:14,436][INFO ][o.e.n.Node               ] [ht0EVsn] starting ...
[2018-06-12T13:10:15,191][INFO ][o.e.t.TransportService   ] [ht0EVsn] publish_address {127.0.0.1:9300}, bound_addresses {[::1]:9300}, {127.0.0.1:9300}
[2018-06-12T13:10:15,202][WARN ][o.e.b.BootstrapCheck     ] [ht0EVsn] max virtual memory areas vm.max_map_count [65530] likely too low, increase to at least [262144]
[2018-06-12T13:10:18,492][INFO ][o.e.c.s.ClusterService   ] [ht0EVsn] new_master {ht0EVsn}{ht0EVsnlRuyePr1G07P69g}{2ixWSPlJSHSXWsudbuAtBQ}{127.0.0.1}{127.0.0.1:9300}, reason: zen-disco-elected-as-master ([0] nodes joined)
[2018-06-12T13:10:18,521][INFO ][o.e.h.HttpServer         ] [ht0EVsn] publish_address {127.0.0.1:9200}, bound_addresses {[::1]:9200}, {127.0.0.1:9200}
[2018-06-12T13:10:18,521][INFO ][o.e.n.Node               ] [ht0EVsn] started
[2018-06-12T13:10:19,253][INFO ][o.e.g.GatewayService     ] [ht0EVsn] recovered [5] indices into cluster_state
[2018-06-12T13:10:20,931][INFO ][o.e.c.r.a.AllocationService] [ht0EVsn] Cluster health status changed from [RED] to [YELLOW] (reason: [shards started [[vehicles][0]] ...]).
[2018-06-12T13:11:43,774][INFO ][o.e.m.j.JvmGcMonitorService] [ht0EVsn] [gc][86] overhead, spent [362ms] collecting in the last [1s]
[2018-06-12T14:16:34,794][WARN ][o.e.m.j.JvmGcMonitorService] [ht0EVsn] [gc][young][3972][3] duration [2.9s], collections [1]/[3.8s], total [2.9s]/[3.4s], memory [721.7mb]->[308.1mb]/[1.9gb], all_pools {[young] [531.6mb]->[3.7mb]/[532.5mb]}{[survivor] [66.5mb]->[60.6mb]/[66.5mb]}{[old] [123.6mb]->[246mb]/[1.3gb]}
[2018-06-12T14:16:34,796][WARN ][o.e.m.j.JvmGcMonitorService] [ht0EVsn] [gc][3972] overhead, spent [2.9s] collecting in the last [3.8s]
[2018-06-12T16:31:23,016][WARN ][o.e.m.j.JvmGcMonitorService] [ht0EVsn] [gc][young][12056][4] duration [1.7s], collections [1]/[2.7s], total [1.7s]/[5.2s], memory [837.9mb]->[304mb]/[1.9gb], all_pools {[young] [531.2mb]->[3.6mb]/[532.5mb]}{[survivor] [60.6mb]->[4.1mb]/[66.5mb]}{[old] [246mb]->[297.8mb]/[1.3gb]}
[2018-06-12T16:31:23,048][WARN ][o.e.m.j.JvmGcMonitorService] [ht0EVsn] [gc][12056] overhead, spent [1.7s] collecting in the last [2.7s]
[2018-06-12T18:47:08,581][WARN ][o.e.m.j.JvmGcMonitorService] [ht0EVsn] [gc][20199] overhead, spent [578ms] collecting in the last [1s]
