[2018-05-17T00:25:13,544][INFO ][o.e.n.Node               ] [ht0EVsn] stopping ...
[2018-05-17T00:25:13,914][INFO ][o.e.n.Node               ] [ht0EVsn] stopped
[2018-05-17T00:25:13,916][INFO ][o.e.n.Node               ] [ht0EVsn] closing ...
[2018-05-17T00:25:13,963][INFO ][o.e.n.Node               ] [ht0EVsn] closed
[2018-05-17T00:25:35,450][INFO ][o.e.n.Node               ] [] initializing ...
[2018-05-17T00:25:35,720][INFO ][o.e.e.NodeEnvironment    ] [ht0EVsn] using [1] data paths, mounts [[/ (none)]], net usable_space [5.6gb], net total_space [10.6gb], spins? [possibly], types [aufs]
[2018-05-17T00:25:35,721][INFO ][o.e.e.NodeEnvironment    ] [ht0EVsn] heap size [1.9gb], compressed ordinary object pointers [true]
[2018-05-17T00:25:35,875][INFO ][o.e.n.Node               ] [ht0EVsn] node name [ht0EVsn] derived from node ID; set [node.name] to override
[2018-05-17T00:25:35,880][INFO ][o.e.n.Node               ] [ht0EVsn] version[5.0.0], pid[72382], build[253032b/2016-10-26T04:37:51.531Z], OS[Linux/4.9.80-c9/amd64], JVM[Oracle Corporation/Java HotSpot(TM) 64-Bit Server VM/1.8.0_111/25.111-b14]
[2018-05-17T00:25:39,119][INFO ][o.e.p.PluginsService     ] [ht0EVsn] loaded module [aggs-matrix-stats]
[2018-05-17T00:25:39,120][INFO ][o.e.p.PluginsService     ] [ht0EVsn] loaded module [ingest-common]
[2018-05-17T00:25:39,121][INFO ][o.e.p.PluginsService     ] [ht0EVsn] loaded module [lang-expression]
[2018-05-17T00:25:39,121][INFO ][o.e.p.PluginsService     ] [ht0EVsn] loaded module [lang-groovy]
[2018-05-17T00:25:39,122][INFO ][o.e.p.PluginsService     ] [ht0EVsn] loaded module [lang-mustache]
[2018-05-17T00:25:39,122][INFO ][o.e.p.PluginsService     ] [ht0EVsn] loaded module [lang-painless]
[2018-05-17T00:25:39,122][INFO ][o.e.p.PluginsService     ] [ht0EVsn] loaded module [percolator]
[2018-05-17T00:25:39,122][INFO ][o.e.p.PluginsService     ] [ht0EVsn] loaded module [reindex]
[2018-05-17T00:25:39,123][INFO ][o.e.p.PluginsService     ] [ht0EVsn] loaded module [transport-netty3]
[2018-05-17T00:25:39,123][INFO ][o.e.p.PluginsService     ] [ht0EVsn] loaded module [transport-netty4]
[2018-05-17T00:25:39,124][INFO ][o.e.p.PluginsService     ] [ht0EVsn] no plugins loaded
[2018-05-17T00:25:46,904][INFO ][o.e.n.Node               ] [ht0EVsn] initialized
[2018-05-17T00:25:46,905][INFO ][o.e.n.Node               ] [ht0EVsn] starting ...
[2018-05-17T00:25:47,624][INFO ][o.e.t.TransportService   ] [ht0EVsn] publish_address {127.0.0.1:9300}, bound_addresses {[::1]:9300}, {127.0.0.1:9300}
[2018-05-17T00:25:47,702][WARN ][o.e.b.BootstrapCheck     ] [ht0EVsn] max virtual memory areas vm.max_map_count [65530] likely too low, increase to at least [262144]
[2018-05-17T00:25:51,162][INFO ][o.e.c.s.ClusterService   ] [ht0EVsn] new_master {ht0EVsn}{ht0EVsnlRuyePr1G07P69g}{5qjHO120QjCzG7B_NdGvpA}{127.0.0.1}{127.0.0.1:9300}, reason: zen-disco-elected-as-master ([0] nodes joined)
[2018-05-17T00:25:51,314][INFO ][o.e.h.HttpServer         ] [ht0EVsn] publish_address {127.0.0.1:9200}, bound_addresses {[::1]:9200}, {127.0.0.1:9200}
[2018-05-17T00:25:51,314][INFO ][o.e.n.Node               ] [ht0EVsn] started
[2018-05-17T00:25:53,169][INFO ][o.e.g.GatewayService     ] [ht0EVsn] recovered [5] indices into cluster_state
[2018-05-17T00:25:56,745][INFO ][o.e.c.r.a.AllocationService] [ht0EVsn] Cluster health status changed from [RED] to [YELLOW] (reason: [shards started [[vehicles][0], [vehicles][3], [vehicles][4]] ...]).
[2018-05-17T00:26:43,535][INFO ][o.e.m.j.JvmGcMonitorService] [ht0EVsn] [gc][young][56][2] duration [734ms], collections [1]/[1.1s], total [734ms]/[931ms], memory [575.2mb]->[246.6mb]/[1.9gb], all_pools {[young] [526.9mb]->[28.2mb]/[532.5mb]}{[survivor] [48.3mb]->[66.5mb]/[66.5mb]}{[old] [0b]->[151.9mb]/[1.3gb]}
[2018-05-17T00:26:43,537][WARN ][o.e.m.j.JvmGcMonitorService] [ht0EVsn] [gc][56] overhead, spent [734ms] collecting in the last [1.1s]
[2018-05-17T01:36:23,244][WARN ][o.e.m.j.JvmGcMonitorService] [ht0EVsn] [gc][young][3942][3] duration [8.7s], collections [1]/[9.3s], total [8.7s]/[9.6s], memory [750mb]->[305.3mb]/[1.9gb], all_pools {[young] [531.6mb]->[4.9mb]/[532.5mb]}{[survivor] [66.5mb]->[59.7mb]/[66.5mb]}{[old] [151.9mb]->[244.3mb]/[1.3gb]}
[2018-05-17T01:36:23,255][WARN ][o.e.m.j.JvmGcMonitorService] [ht0EVsn] [gc][3942] overhead, spent [8.7s] collecting in the last [9.3s]
[2018-05-17T03:15:48,759][WARN ][o.e.m.j.JvmGcMonitorService] [ht0EVsn] [gc][young][9900][4] duration [5.7s], collections [1]/[6.1s], total [5.7s]/[15.4s], memory [836mb]->[302.4mb]/[1.9gb], all_pools {[young] [531.8mb]->[4.1mb]/[532.5mb]}{[survivor] [59.7mb]->[3.6mb]/[66.5mb]}{[old] [244.3mb]->[295.1mb]/[1.3gb]}
[2018-05-17T03:15:48,761][WARN ][o.e.m.j.JvmGcMonitorService] [ht0EVsn] [gc][9900] overhead, spent [5.7s] collecting in the last [6.1s]
[2018-05-17T03:49:33,263][INFO ][o.e.n.Node               ] [] initializing ...
[2018-05-17T03:49:33,481][INFO ][o.e.e.NodeEnvironment    ] [ht0EVsn] using [1] data paths, mounts [[/ (none)]], net usable_space [5.6gb], net total_space [10.6gb], spins? [possibly], types [aufs]
[2018-05-17T03:49:33,481][INFO ][o.e.e.NodeEnvironment    ] [ht0EVsn] heap size [1.9gb], compressed ordinary object pointers [true]
[2018-05-17T03:49:33,601][INFO ][o.e.n.Node               ] [ht0EVsn] node name [ht0EVsn] derived from node ID; set [node.name] to override
[2018-05-17T03:49:33,606][INFO ][o.e.n.Node               ] [ht0EVsn] version[5.0.0], pid[2492], build[253032b/2016-10-26T04:37:51.531Z], OS[Linux/4.9.80-c9/amd64], JVM[Oracle Corporation/Java HotSpot(TM) 64-Bit Server VM/1.8.0_111/25.111-b14]
[2018-05-17T03:49:36,701][INFO ][o.e.p.PluginsService     ] [ht0EVsn] loaded module [aggs-matrix-stats]
[2018-05-17T03:49:36,701][INFO ][o.e.p.PluginsService     ] [ht0EVsn] loaded module [ingest-common]
[2018-05-17T03:49:36,702][INFO ][o.e.p.PluginsService     ] [ht0EVsn] loaded module [lang-expression]
[2018-05-17T03:49:36,702][INFO ][o.e.p.PluginsService     ] [ht0EVsn] loaded module [lang-groovy]
[2018-05-17T03:49:36,702][INFO ][o.e.p.PluginsService     ] [ht0EVsn] loaded module [lang-mustache]
[2018-05-17T03:49:36,702][INFO ][o.e.p.PluginsService     ] [ht0EVsn] loaded module [lang-painless]
[2018-05-17T03:49:36,703][INFO ][o.e.p.PluginsService     ] [ht0EVsn] loaded module [percolator]
[2018-05-17T03:49:36,703][INFO ][o.e.p.PluginsService     ] [ht0EVsn] loaded module [reindex]
[2018-05-17T03:49:36,703][INFO ][o.e.p.PluginsService     ] [ht0EVsn] loaded module [transport-netty3]
[2018-05-17T03:49:36,703][INFO ][o.e.p.PluginsService     ] [ht0EVsn] loaded module [transport-netty4]
[2018-05-17T03:49:36,819][INFO ][o.e.p.PluginsService     ] [ht0EVsn] no plugins loaded
[2018-05-17T03:49:43,305][INFO ][o.e.n.Node               ] [ht0EVsn] initialized
[2018-05-17T03:49:43,306][INFO ][o.e.n.Node               ] [ht0EVsn] starting ...
[2018-05-17T03:49:44,244][INFO ][o.e.t.TransportService   ] [ht0EVsn] publish_address {127.0.0.1:9300}, bound_addresses {[::1]:9300}, {127.0.0.1:9300}
[2018-05-17T03:49:44,265][WARN ][o.e.b.BootstrapCheck     ] [ht0EVsn] max virtual memory areas vm.max_map_count [65530] likely too low, increase to at least [262144]
[2018-05-17T03:49:44,431][INFO ][o.e.m.j.JvmGcMonitorService] [ht0EVsn] [gc][1] overhead, spent [355ms] collecting in the last [1s]
[2018-05-17T03:49:47,383][INFO ][o.e.c.s.ClusterService   ] [ht0EVsn] new_master {ht0EVsn}{ht0EVsnlRuyePr1G07P69g}{5JTczTsgS9KFGCEjHC840w}{127.0.0.1}{127.0.0.1:9300}, reason: zen-disco-elected-as-master ([0] nodes joined)
[2018-05-17T03:49:47,417][INFO ][o.e.h.HttpServer         ] [ht0EVsn] publish_address {127.0.0.1:9200}, bound_addresses {[::1]:9200}, {127.0.0.1:9200}
[2018-05-17T03:49:47,417][INFO ][o.e.n.Node               ] [ht0EVsn] started
[2018-05-17T03:49:48,516][INFO ][o.e.g.GatewayService     ] [ht0EVsn] recovered [5] indices into cluster_state
[2018-05-17T03:49:50,688][INFO ][o.e.c.r.a.AllocationService] [ht0EVsn] Cluster health status changed from [RED] to [YELLOW] (reason: [shards started [[vehicles][2]] ...]).
[2018-05-17T03:51:25,135][WARN ][o.e.m.j.JvmGcMonitorService] [ht0EVsn] [gc][young][100][2] duration [2.1s], collections [1]/[2.5s], total [2.1s]/[2.3s], memory [561.1mb]->[248.1mb]/[1.9gb], all_pools {[young] [513mb]->[7.3mb]/[532.5mb]}{[survivor] [48.1mb]->[66.5mb]/[66.5mb]}{[old] [0b]->[174.2mb]/[1.3gb]}
[2018-05-17T03:51:25,135][WARN ][o.e.m.j.JvmGcMonitorService] [ht0EVsn] [gc][100] overhead, spent [2.1s] collecting in the last [2.5s]
[2018-05-17T04:55:05,024][WARN ][o.e.m.j.JvmGcMonitorService] [ht0EVsn] [gc][young][3912][3] duration [5.2s], collections [1]/[6.2s], total [5.2s]/[7.5s], memory [773.2mb]->[311mb]/[1.9gb], all_pools {[young] [532.4mb]->[5.1mb]/[532.5mb]}{[survivor] [66.5mb]->[60.6mb]/[66.5mb]}{[old] [174.2mb]->[247.5mb]/[1.3gb]}
[2018-05-17T04:55:05,041][WARN ][o.e.m.j.JvmGcMonitorService] [ht0EVsn] [gc][3912] overhead, spent [5.2s] collecting in the last [6.2s]
[2018-05-17T06:36:55,429][WARN ][o.e.m.j.JvmGcMonitorService] [ht0EVsn] [gc][young][9995][4] duration [25.9s], collections [1]/[26.1s], total [25.9s]/[33.5s], memory [839.8mb]->[309.4mb]/[1.9gb], all_pools {[young] [531.6mb]->[7.1mb]/[532.5mb]}{[survivor] [60.6mb]->[3.6mb]/[66.5mb]}{[old] [247.5mb]->[298.6mb]/[1.3gb]}
[2018-05-17T06:36:55,431][WARN ][o.e.m.j.JvmGcMonitorService] [ht0EVsn] [gc][9995] overhead, spent [25.9s] collecting in the last [26.1s]
[2018-05-17T11:46:02,420][INFO ][o.e.m.j.JvmGcMonitorService] [ht0EVsn] [gc][28535] overhead, spent [307ms] collecting in the last [1s]
