[2018-05-29T01:05:54,469][WARN ][o.e.m.j.JvmGcMonitorService] [ht0EVsn] [gc][young][9980][4] duration [2.4s], collections [1]/[2.4s], total [2.4s]/[10.5s], memory [836.4mb]->[300.4mb]/[1.9gb], all_pools {[young] [532.5mb]->[3.7mb]/[532.5mb]}{[survivor] [60.2mb]->[3.8mb]/[66.5mb]}{[old] [243.6mb]->[294.5mb]/[1.3gb]}
[2018-05-29T01:05:54,477][WARN ][o.e.m.j.JvmGcMonitorService] [ht0EVsn] [gc][9980] overhead, spent [2.4s] collecting in the last [2.4s]
[2018-05-29T13:15:58,567][INFO ][o.e.n.Node               ] [] initializing ...
[2018-05-29T13:15:58,690][INFO ][o.e.e.NodeEnvironment    ] [ht0EVsn] using [1] data paths, mounts [[/ (none)]], net usable_space [5.8gb], net total_space [10.6gb], spins? [possibly], types [aufs]
[2018-05-29T13:15:58,690][INFO ][o.e.e.NodeEnvironment    ] [ht0EVsn] heap size [1.9gb], compressed ordinary object pointers [true]
[2018-05-29T13:15:58,811][INFO ][o.e.n.Node               ] [ht0EVsn] node name [ht0EVsn] derived from node ID; set [node.name] to override
[2018-05-29T13:15:58,814][INFO ][o.e.n.Node               ] [ht0EVsn] version[5.0.0], pid[1985], build[253032b/2016-10-26T04:37:51.531Z], OS[Linux/4.9.80-c9/amd64], JVM[Oracle Corporation/Java HotSpot(TM) 64-Bit Server VM/1.8.0_111/25.111-b14]
[2018-05-29T13:16:01,217][INFO ][o.e.p.PluginsService     ] [ht0EVsn] loaded module [aggs-matrix-stats]
[2018-05-29T13:16:01,217][INFO ][o.e.p.PluginsService     ] [ht0EVsn] loaded module [ingest-common]
[2018-05-29T13:16:01,217][INFO ][o.e.p.PluginsService     ] [ht0EVsn] loaded module [lang-expression]
[2018-05-29T13:16:01,217][INFO ][o.e.p.PluginsService     ] [ht0EVsn] loaded module [lang-groovy]
[2018-05-29T13:16:01,218][INFO ][o.e.p.PluginsService     ] [ht0EVsn] loaded module [lang-mustache]
[2018-05-29T13:16:01,218][INFO ][o.e.p.PluginsService     ] [ht0EVsn] loaded module [lang-painless]
[2018-05-29T13:16:01,218][INFO ][o.e.p.PluginsService     ] [ht0EVsn] loaded module [percolator]
[2018-05-29T13:16:01,218][INFO ][o.e.p.PluginsService     ] [ht0EVsn] loaded module [reindex]
[2018-05-29T13:16:01,218][INFO ][o.e.p.PluginsService     ] [ht0EVsn] loaded module [transport-netty3]
[2018-05-29T13:16:01,219][INFO ][o.e.p.PluginsService     ] [ht0EVsn] loaded module [transport-netty4]
[2018-05-29T13:16:01,220][INFO ][o.e.p.PluginsService     ] [ht0EVsn] no plugins loaded
[2018-05-29T13:16:05,981][INFO ][o.e.n.Node               ] [ht0EVsn] initialized
[2018-05-29T13:16:05,982][INFO ][o.e.n.Node               ] [ht0EVsn] starting ...
[2018-05-29T13:16:06,571][INFO ][o.e.t.TransportService   ] [ht0EVsn] publish_address {127.0.0.1:9300}, bound_addresses {[::1]:9300}, {127.0.0.1:9300}
[2018-05-29T13:16:06,582][WARN ][o.e.b.BootstrapCheck     ] [ht0EVsn] max virtual memory areas vm.max_map_count [65530] likely too low, increase to at least [262144]
[2018-05-29T13:16:09,659][INFO ][o.e.c.s.ClusterService   ] [ht0EVsn] new_master {ht0EVsn}{ht0EVsnlRuyePr1G07P69g}{6moMYooCSkutpIUU6b9wlg}{127.0.0.1}{127.0.0.1:9300}, reason: zen-disco-elected-as-master ([0] nodes joined)
[2018-05-29T13:16:09,680][INFO ][o.e.h.HttpServer         ] [ht0EVsn] publish_address {127.0.0.1:9200}, bound_addresses {[::1]:9200}, {127.0.0.1:9200}
[2018-05-29T13:16:09,681][INFO ][o.e.n.Node               ] [ht0EVsn] started
[2018-05-29T13:16:10,657][INFO ][o.e.g.GatewayService     ] [ht0EVsn] recovered [5] indices into cluster_state
[2018-05-29T13:16:12,408][INFO ][o.e.c.r.a.AllocationService] [ht0EVsn] Cluster health status changed from [RED] to [YELLOW] (reason: [shards started [[vehicles][1], [vehicles][0]] ...]).
[2018-05-29T14:32:53,767][WARN ][o.e.m.j.JvmGcMonitorService] [ht0EVsn] [gc][young][4603][2] duration [1.9s], collections [1]/[3s], total [1.9s]/[2.1s], memory [580.6mb]->[103.2mb]/[1.9gb], all_pools {[young] [532.5mb]->[5.4mb]/[532.5mb]}{[survivor] [48.1mb]->[66.4mb]/[66.5mb]}{[old] [0b]->[34.7mb]/[1.3gb]}
[2018-05-29T14:32:53,769][WARN ][o.e.m.j.JvmGcMonitorService] [ht0EVsn] [gc][4603] overhead, spent [1.9s] collecting in the last [3s]
[2018-05-29T17:41:06,404][WARN ][o.e.m.j.JvmGcMonitorService] [ht0EVsn] [gc][young][15879][3] duration [10.6s], collections [1]/[10.9s], total [10.6s]/[12.7s], memory [633.5mb]->[70.3mb]/[1.9gb], all_pools {[young] [532.2mb]->[7mb]/[532.5mb]}{[survivor] [66.4mb]->[6.5mb]/[66.5mb]}{[old] [34.7mb]->[59.2mb]/[1.3gb]}
[2018-05-29T17:41:06,405][WARN ][o.e.m.j.JvmGcMonitorService] [ht0EVsn] [gc][15879] overhead, spent [10.6s] collecting in the last [10.9s]
[2018-05-29T20:32:47,735][WARN ][o.e.m.j.JvmGcMonitorService] [ht0EVsn] [gc][26177] overhead, spent [637ms] collecting in the last [1s]
[2018-05-29T21:29:39,997][WARN ][o.e.m.j.JvmGcMonitorService] [ht0EVsn] [gc][young][29585][5] duration [2.1s], collections [1]/[2.9s], total [2.1s]/[15.5s], memory [613.3mb]->[296.1mb]/[1.9gb], all_pools {[young] [532.5mb]->[3.1mb]/[532.5mb]}{[survivor] [21.5mb]->[58.9mb]/[66.5mb]}{[old] [59.2mb]->[235.2mb]/[1.3gb]}
[2018-05-29T21:29:39,997][WARN ][o.e.m.j.JvmGcMonitorService] [ht0EVsn] [gc][29585] overhead, spent [2.1s] collecting in the last [2.9s]
